Initializing CoreGen with the user repository list from 'X:\.Application
Data\Xilinx\CoreGen\13.3\indexes\xil_index_map.xml'.
CoreGen has not been configured with any user repositories.
CoreGen has been configured with the following Xilinx repositories:
 - 'C:\Xilinx\13.3\ISE_DS\ISE\coregen\' [reloaded]
INFO:sim - Generating component instance 'GameOverMEM' of
   'xilinx.com:ip:blk_mem_gen:6.2' from
   'C:\Xilinx\13.3\ISE_DS\ISE\coregen\ip\xilinx\primary\com\xilinx\ip\blk_mem_ge
   n_v6_2\component.xml'.
Applying current project options...
Finished applying current project options.
WARNING:sim - A core named 'GameOverMEM' already exists in the project. Output
   products for this core may be overwritten.
Resolving generics for 'GameOverMEM'...
WARNING:sim - A core named 'GameOverMEM' already exists in the project. Output
   products for this core may be overwritten.
Applying external generics to 'GameOverMEM'...
Delivering associated files for 'GameOverMEM'...
WARNING:sim - Can't find 'Verilog' synthesis view; using general synthesis view
Delivering EJava files for 'GameOverMEM'...
Generating implementation netlist for 'GameOverMEM'...
INFO:sim - Pre-processing HDL files for 'GameOverMEM'...
Running synthesis for 'GameOverMEM'
Running ngcbuild...
Writing VEO instantiation template for 'GameOverMEM'...
Writing Verilog behavioral simulation model for 'GameOverMEM'...
Generating ASY schematic symbol...
INFO:sim - Finished generation of ASY schematic symbol.
Generating SYM schematic symbol for 'GameOverMEM'...
Generating metadata file...
Generating metadata file...
Generating ISE project...
Generating README file...
Generating FLIST file...
INFO:sim - Finished FLIST file generation.
Launching README viewer...
Moving files to output directory...
Finished moving files to output directory
Wrote CGP file for project 'GameOverMEM'.
